[     257ms] [WARNING] Missing NEXT_PUBLIC_TWELVE_DATA_API_KEY — WebSocket disabled @ https://guydashboard.vercel.app/_next/static/chunks/cbc9e6498d9ff4a5.js:0
[     922ms] [WARNING] The width(-1) and height(-1) of chart should be greater than 0,
       please check the style of container, or the props width(100%) and height(100%),
       or add a minWidth(0) or minHeight(undefined) or use aspect(undefined) to control the
       height and width. @ https://guydashboard.vercel.app/_next/static/chunks/cbc9e6498d9ff4a5.js:0
[     922ms] [WARNING] The width(-1) and height(-1) of chart should be greater than 0,
       please check the style of container, or the props width(100%) and height(100%),
       or add a minWidth(0) or minHeight(undefined) or use aspect(undefined) to control the
       height and width. @ https://guydashboard.vercel.app/_next/static/chunks/cbc9e6498d9ff4a5.js:0
[     923ms] [WARNING] The width(-1) and height(-1) of chart should be greater than 0,
       please check the style of container, or the props width(100%) and height(100%),
       or add a minWidth(0) or minHeight(undefined) or use aspect(undefined) to control the
       height and width. @ https://guydashboard.vercel.app/_next/static/chunks/cbc9e6498d9ff4a5.js:0
[     923ms] [WARNING] The width(-1) and height(-1) of chart should be greater than 0,
       please check the style of container, or the props width(100%) and height(100%),
       or add a minWidth(0) or minHeight(undefined) or use aspect(undefined) to control the
       height and width. @ https://guydashboard.vercel.app/_next/static/chunks/cbc9e6498d9ff4a5.js:0
[     924ms] [WARNING] The width(-1) and height(-1) of chart should be greater than 0,
       please check the style of container, or the props width(100%) and height(100%),
       or add a minWidth(0) or minHeight(undefined) or use aspect(undefined) to control the
       height and width. @ https://guydashboard.vercel.app/_next/static/chunks/cbc9e6498d9ff4a5.js:0
[     924ms] [WARNING] The width(-1) and height(-1) of chart should be greater than 0,
       please check the style of container, or the props width(100%) and height(100%),
       or add a minWidth(0) or minHeight(undefined) or use aspect(undefined) to control the
       height and width. @ https://guydashboard.vercel.app/_next/static/chunks/cbc9e6498d9ff4a5.js:0
[     924ms] [WARNING] The width(-1) and height(-1) of chart should be greater than 0,
       please check the style of container, or the props width(100%) and height(100%),
       or add a minWidth(0) or minHeight(undefined) or use aspect(undefined) to control the
       height and width. @ https://guydashboard.vercel.app/_next/static/chunks/cbc9e6498d9ff4a5.js:0
