[     313ms] [WARNING] Missing NEXT_PUBLIC_TWELVE_DATA_API_KEY — WebSocket disabled @ https://guydashboard.vercel.app/_next/static/chunks/9fb311a7fe5f6aae.js:0
[     469ms] [ERROR] Failed to load resource: the server responded with a status of 502 () @ https://guydashboard.vercel.app/api/metals/historical?symbol=XAG%2FUSD&interval=1day&outputsize=250:0
[     534ms] [ERROR] Failed to load resource: the server responded with a status of 502 () @ https://guydashboard.vercel.app/api/metals/quote?symbol=XAG%2FUSD:0
[     534ms] [ERROR] Failed to fetch initial prices: Error: Quote fetch failed: 502
    at E7 (https://guydashboard.vercel.app/_next/static/chunks/9fb311a7fe5f6aae.js:1:626358)
    at async Promise.all (index 1)
    at async https://guydashboard.vercel.app/_next/static/chunks/9fb311a7fe5f6aae.js:1:633371 @ https://guydashboard.vercel.app/_next/static/chunks/9fb311a7fe5f6aae.js:0
[     551ms] [WARNING] The width(-1) and height(-1) of chart should be greater than 0,
       please check the style of container, or the props width(100%) and height(100%),
       or add a minWidth(0) or minHeight(undefined) or use aspect(undefined) to control the
       height and width. @ https://guydashboard.vercel.app/_next/static/chunks/9fb311a7fe5f6aae.js:0
[     552ms] [WARNING] The width(-1) and height(-1) of chart should be greater than 0,
       please check the style of container, or the props width(100%) and height(100%),
       or add a minWidth(0) or minHeight(undefined) or use aspect(undefined) to control the
       height and width. @ https://guydashboard.vercel.app/_next/static/chunks/9fb311a7fe5f6aae.js:0
[     552ms] [WARNING] The width(-1) and height(-1) of chart should be greater than 0,
       please check the style of container, or the props width(100%) and height(100%),
       or add a minWidth(0) or minHeight(undefined) or use aspect(undefined) to control the
       height and width. @ https://guydashboard.vercel.app/_next/static/chunks/9fb311a7fe5f6aae.js:0
[     552ms] [WARNING] The width(-1) and height(-1) of chart should be greater than 0,
       please check the style of container, or the props width(100%) and height(100%),
       or add a minWidth(0) or minHeight(undefined) or use aspect(undefined) to control the
       height and width. @ https://guydashboard.vercel.app/_next/static/chunks/9fb311a7fe5f6aae.js:0
[     553ms] [WARNING] The width(-1) and height(-1) of chart should be greater than 0,
       please check the style of container, or the props width(100%) and height(100%),
       or add a minWidth(0) or minHeight(undefined) or use aspect(undefined) to control the
       height and width. @ https://guydashboard.vercel.app/_next/static/chunks/9fb311a7fe5f6aae.js:0
[     553ms] [WARNING] The width(-1) and height(-1) of chart should be greater than 0,
       please check the style of container, or the props width(100%) and height(100%),
       or add a minWidth(0) or minHeight(undefined) or use aspect(undefined) to control the
       height and width. @ https://guydashboard.vercel.app/_next/static/chunks/9fb311a7fe5f6aae.js:0
[     553ms] [WARNING] The width(-1) and height(-1) of chart should be greater than 0,
       please check the style of container, or the props width(100%) and height(100%),
       or add a minWidth(0) or minHeight(undefined) or use aspect(undefined) to control the
       height and width. @ https://guydashboard.vercel.app/_next/static/chunks/9fb311a7fe5f6aae.js:0
[    1701ms] [ERROR] Failed to load resource: the server responded with a status of 502 () @ https://guydashboard.vercel.app/api/metals/historical?symbol=XAG%2FUSD&interval=1day&outputsize=250:0
[    3824ms] [ERROR] Failed to load resource: the server responded with a status of 502 () @ https://guydashboard.vercel.app/api/metals/historical?symbol=XAG%2FUSD&interval=1day&outputsize=250:0
