[     521ms] [ERROR] Failed to load resource: the server responded with a status of 502 () @ https://guydashboard.vercel.app/api/metals/historical?symbol=XAU%2FUSD&interval=1day&outputsize=250:0
[     535ms] [ERROR] Failed to load resource: the server responded with a status of 502 () @ https://guydashboard.vercel.app/api/metals/quote?symbol=XAU%2FUSD:0
[     535ms] [ERROR] Failed to fetch gold price: Error: Quote fetch failed: 502
    at E8 (https://guydashboard.vercel.app/_next/static/chunks/141ba21595d66ddc.js:1:626359) @ https://guydashboard.vercel.app/_next/static/chunks/141ba21595d66ddc.js:1
[    1701ms] [ERROR] Failed to load resource: the server responded with a status of 502 () @ https://guydashboard.vercel.app/api/metals/historical?symbol=XAU%2FUSD&interval=1day&outputsize=250:0
[    4527ms] [WARNING] The width(-1) and height(-1) of chart should be greater than 0,
       please check the style of container, or the props width(100%) and height(100%),
       or add a minWidth(0) or minHeight(undefined) or use aspect(undefined) to control the
       height and width. @ https://guydashboard.vercel.app/_next/static/chunks/141ba21595d66ddc.js:0
[    4527ms] [WARNING] The width(-1) and height(-1) of chart should be greater than 0,
       please check the style of container, or the props width(100%) and height(100%),
       or add a minWidth(0) or minHeight(undefined) or use aspect(undefined) to control the
       height and width. @ https://guydashboard.vercel.app/_next/static/chunks/141ba21595d66ddc.js:0
[    4528ms] [WARNING] The width(-1) and height(-1) of chart should be greater than 0,
       please check the style of container, or the props width(100%) and height(100%),
       or add a minWidth(0) or minHeight(undefined) or use aspect(undefined) to control the
       height and width. @ https://guydashboard.vercel.app/_next/static/chunks/141ba21595d66ddc.js:0
[    4528ms] [WARNING] The width(-1) and height(-1) of chart should be greater than 0,
       please check the style of container, or the props width(100%) and height(100%),
       or add a minWidth(0) or minHeight(undefined) or use aspect(undefined) to control the
       height and width. @ https://guydashboard.vercel.app/_next/static/chunks/141ba21595d66ddc.js:0
[    4529ms] [WARNING] The width(-1) and height(-1) of chart should be greater than 0,
       please check the style of container, or the props width(100%) and height(100%),
       or add a minWidth(0) or minHeight(undefined) or use aspect(undefined) to control the
       height and width. @ https://guydashboard.vercel.app/_next/static/chunks/141ba21595d66ddc.js:0
[    4529ms] [WARNING] The width(-1) and height(-1) of chart should be greater than 0,
       please check the style of container, or the props width(100%) and height(100%),
       or add a minWidth(0) or minHeight(undefined) or use aspect(undefined) to control the
       height and width. @ https://guydashboard.vercel.app/_next/static/chunks/141ba21595d66ddc.js:0
[    4529ms] [WARNING] The width(-1) and height(-1) of chart should be greater than 0,
       please check the style of container, or the props width(100%) and height(100%),
       or add a minWidth(0) or minHeight(undefined) or use aspect(undefined) to control the
       height and width. @ https://guydashboard.vercel.app/_next/static/chunks/141ba21595d66ddc.js:0
